i=1
74858820 
l=0 r=20 x=0 y=20 pos=20 dp=1000000000000000
l=0 r=9 x=0 y=20 pos=20 dp=1000000000000000
l=0 r=3 x=0 y=20 pos=1 dp=74858820
l=0 r=0 x=0 y=1 pos=0 dp=0
l=2 r=3 x=1 y=20 pos=20 dp=1000000000000000
l=3 r=3 x=20 y=20 pos=20 dp=1000000000000000
l=5 r=9 x=20 y=20 pos=20 dp=1000000000000000
l=5 r=6 x=20 y=20 pos=20 dp=1000000000000000
l=6 r=6 x=20 y=20 pos=20 dp=1000000000000000
l=8 r=9 x=20 y=20 pos=20 dp=1000000000000000
l=9 r=9 x=20 y=20 pos=20 dp=1000000000000000
l=11 r=20 x=20 y=20 pos=20 dp=1000000000000000
l=11 r=14 x=20 y=20 pos=20 dp=1000000000000000
l=11 r=11 x=20 y=20 pos=20 dp=1000000000000000
l=13 r=14 x=20 y=20 pos=20 dp=1000000000000000
l=14 r=14 x=20 y=20 pos=20 dp=1000000000000000
l=16 r=20 x=20 y=20 pos=20 dp=1000000000000000
l=16 r=17 x=20 y=20 pos=20 dp=1000000000000000
l=17 r=17 x=20 y=20 pos=20 dp=1000000000000000
l=19 r=20 x=20 y=20 pos=20 dp=1000000000000000
l=20 r=20 x=20 y=20 pos=20 dp=1000000000000000
0 74858820 1000000000000000 1000000000000000 1000000000000000 1000000000000000 1000000000000000 1000000000000000 1000000000000000 1000000000000000 1000000000000000 1000000000000000 1000000000000000 1000000000000000 1000000000000000 1000000000000000 1000000000000000 1000000000000000 1000000000000000 1000000000000000 1000000000000000 
i=2
875658540 
l=0 r=10 x=0 y=10 pos=10 dp=1000000000000000
l=0 r=4 x=0 y=10 pos=10 dp=1000000000000000
l=0 r=1 x=0 y=10 pos=0 dp=0
l=1 r=1 x=0 y=10 pos=1 dp=875658540
l=3 r=4 x=10 y=10 pos=10 dp=1000000000000000
l=4 r=4 x=10 y=10 pos=10 dp=1000000000000000
l=6 r=10 x=10 y=10 pos=10 dp=1000000000000000
l=6 r=7 x=10 y=10 pos=10 dp=1000000000000000
l=7 r=7 x=10 y=10 pos=10 dp=1000000000000000
l=9 r=10 x=10 y=10 pos=10 dp=1000000000000000
l=10 r=10 x=10 y=10 pos=10 dp=1000000000000000
l=0 r=9 x=0 y=9 pos=9 dp=1000000000000000
l=0 r=3 x=0 y=9 pos=1 dp=950517360
l=0 r=0 x=0 y=1 pos=0 dp=74858820
l=2 r=3 x=1 y=9 pos=9 dp=1000000000000000
l=3 r=3 x=9 y=9 pos=9 dp=1000000000000000
l=5 r=9 x=9 y=9 pos=9 dp=1000000000000000
l=5 r=6 x=9 y=9 pos=9 dp=1000000000000000
l=6 r=6 x=9 y=9 pos=9 dp=1000000000000000
l=8 r=9 x=9 y=9 pos=9 dp=1000000000000000
l=9 r=9 x=9 y=9 pos=9 dp=1000000000000000
0 74858820 875658540 950517360 1000000000000000 1000000000000000 1000000000000000 1000000000000000 1000000000000000 1000000000000000 1000000000000000 1000000000000000 1000000000000000 1000000000000000 1000000000000000 1000000000000000 1000000000000000 1000000000000000 1000000000000000 1000000000000000 1000000000000000 
i=3
122883115 166179130 750285745 
l=0 r=6 x=0 y=6 pos=3 dp=1039347990
l=0 r=2 x=0 y=3 pos=1 dp=122883115
l=0 r=0 x=0 y=1 pos=0 dp=0
l=2 r=2 x=1 y=3 pos=2 dp=289062245
l=4 r=6 x=3 y=6 pos=6 dp=1000000000000000
l=4 r=4 x=3 y=6 pos=3 dp=1989865350
l=6 r=6 x=6 y=6 pos=6 dp=1000000000000000
l=0 r=6 x=0 y=6 pos=3 dp=1114206810
l=0 r=2 x=0 y=3 pos=1 dp=197741935
l=0 r=0 x=0 y=1 pos=0 dp=74858820
l=2 r=2 x=1 y=3 pos=2 dp=363921065
l=4 r=6 x=3 y=6 pos=6 dp=1000000000000000
l=4 r=4 x=3 y=6 pos=6 dp=1000000000000000
l=6 r=6 x=6 y=6 pos=6 dp=1000000000000000
l=0 r=6 x=0 y=6 pos=3 dp=1915006530
l=0 r=2 x=0 y=3 pos=1 dp=998541655
l=0 r=0 x=0 y=1 pos=0 dp=875658540
l=2 r=2 x=1 y=3 pos=2 dp=1164720785
l=4 r=6 x=3 y=6 pos=6 dp=1000000000000000
l=4 r=4 x=3 y=6 pos=6 dp=1000000000000000
l=6 r=6 x=6 y=6 pos=6 dp=1000000000000000
0 74858820 875658540 122883115 197741935 998541655 289062245 363921065 1164720785 1039347990 1114206810 1915006530 1989865350 1000000000000000 1000000000000000 1000000000000000 1000000000000000 1000000000000000 1000000000000000 1000000000000000 1000000000000000 
i=4
217484685 427550260 
l=0 r=5 x=0 y=5 pos=1 dp=415226620
l=0 r=1 x=0 y=1 pos=0 dp=0
l=1 r=1 x=0 y=1 pos=0 dp=197741935
l=3 r=5 x=1 y=5 pos=2 dp=1809755730
l=3 r=3 x=1 y=2 pos=2 dp=842776880
l=5 r=5 x=2 y=5 pos=2 dp=2634900295
l=0 r=4 x=0 y=4 pos=2 dp=719893765
l=0 r=1 x=0 y=2 pos=0 dp=74858820
l=1 r=1 x=0 y=2 pos=1 dp=292343505
l=3 r=4 x=2 y=4 pos=2 dp=1643576600
l=4 r=4 x=2 y=4 pos=2 dp=1684382935
l=0 r=4 x=0 y=4 pos=1 dp=506546930
l=0 r=1 x=0 y=1 pos=0 dp=875658540
l=1 r=1 x=0 y=1 pos=0 dp=289062245
l=3 r=4 x=1 y=4 pos=2 dp=934097190
l=4 r=4 x=2 y=4 pos=2 dp=1759241755
l=0 r=4 x=0 y=4 pos=1 dp=581405750
l=0 r=1 x=0 y=1 pos=0 dp=122883115
l=1 r=1 x=0 y=1 pos=1 dp=340367800
l=3 r=4 x=1 y=4 pos=2 dp=1008956010
l=4 r=4 x=2 y=4 pos=2 dp=2560041475
0 74858820 875658540 122883115 197741935 292343505 289062245 340367800 415226620 719893765 506546930 581405750 842776880 1643576600 934097190 1008956010 1809755730 1684382935 1759241755 2560041475 2634900295 
20
